This is pdfTeX, Version 3.14159265-2.6-1.40.19 (MiKTeX 2.9.6930 64-bit) (preloaded format=pdflatex 2019.3.22)  24 NOV 2019 11:53
entering extended mode
**./IN_Informe_Lab_05.tex
(IN_Informe_Lab_05.tex
LaTeX2e <2018-12-01>
(D:\miktext\tex/latex/base\article.cls
Document Class: article 2018/09/03 v1.4i Standard LaTeX document class
(D:\miktext\tex/latex/base\size12.clo
File: size12.clo 2018/09/03 v1.4i Standard LaTeX file (size option)
)
\c@part=\count80
\c@section=\count81
\c@subsection=\count82
\c@subsubsection=\count83
\c@paragraph=\count84
\c@subparagraph=\count85
\c@figure=\count86
\c@table=\count87
\abovecaptionskip=\skip41
\belowcaptionskip=\skip42
\bibindent=\dimen102
) (D:\miktext\tex/latex/base\inputenc.sty
Package: inputenc 2018/08/11 v1.3c Input encoding file
\inpenc@prehook=\toks14
\inpenc@posthook=\toks15
) (D:\miktext\tex/generic/babel\babel.sty
Package: babel 2018/11/13 3.27 The Babel package

(D:\miktext\tex/generic/babel\switch.def
File: switch.def 2018/11/13 3.27 Babel switching mechanism
)
*************************************
* Local config file bblopts.cfg used
*
(D:\miktext\tex/latex/arabi\bblopts.cfg
File: bblopts.cfg 2005/09/08 v0.1 add Arabic and Farsi to "declared" options of
 babel
)
(D:\miktext\tex/latex/babel-spanish\spanish.ldf
Language: spanish.ldf 2016/03/03 v5.0p Spanish support from the babel system

(D:\miktext\tex/generic/babel\babel.def
File: babel.def 2018/11/13 3.27 Babel common definitions
\babel@savecnt=\count88
\U@D=\dimen103

(D:\miktext\tex/generic/babel\txtbabel.def)
\bbl@dirlevel=\count89
)
\es@quottoks=\toks16
\es@quotdepth=\count90
Package babel Info: Making " an active character on input line 561.
Package babel Info: Making . an active character on input line 662.
Package babel Info: Making < an active character on input line 707.
Package babel Info: Making > an active character on input line 707.
))
(D:\miktext\tex/latex/graphics\graphicx.sty
Package: graphicx 2017/06/01 v1.1a Enhanced LaTeX Graphics (DPC,SPQR)

(D:\miktext\tex/latex/graphics\keyval.sty
Package: keyval 2014/10/28 v1.15 key=value parser (DPC)
\KV@toks@=\toks17
)
(D:\miktext\tex/latex/graphics\graphics.sty
Package: graphics 2017/06/25 v1.2c Standard LaTeX Graphics (DPC,SPQR)

(D:\miktext\tex/latex/graphics\trig.sty
Package: trig 2016/01/03 v1.10 sin cos tan (DPC)
)
(D:\miktext\tex/latex/graphics-cfg\graphics.cfg
File: graphics.cfg 2016/06/04 v1.11 sample graphics configuration
)
Package graphics Info: Driver file: pdftex.def on input line 99.

(D:\miktext\tex/latex/graphics-def\pdftex.def
File: pdftex.def 2018/01/08 v1.0l Graphics/color driver for pdftex
))
\Gin@req@height=\dimen104
\Gin@req@width=\dimen105
)
(D:\miktext\tex/latex/geometry\geometry.sty
Package: geometry 2018/04/16 v5.8 Page Geometry

(D:\miktext\tex/generic/oberdiek\ifpdf.sty
Package: ifpdf 2018/09/07 v3.3 Provides the ifpdf switch
)
(D:\miktext\tex/generic/oberdiek\ifvtex.sty
Package: ifvtex 2016/05/16 v1.6 Detect VTeX and its facilities (HO)
Package ifvtex Info: VTeX not detected.
)
(D:\miktext\tex/generic/ifxetex\ifxetex.sty
Package: ifxetex 2010/09/12 v0.6 Provides ifxetex conditional
)
\Gm@cnth=\count91
\Gm@cntv=\count92
\c@Gm@tempcnt=\count93
\Gm@bindingoffset=\dimen106
\Gm@wd@mp=\dimen107
\Gm@odd@mp=\dimen108
\Gm@even@mp=\dimen109
\Gm@layoutwidth=\dimen110
\Gm@layoutheight=\dimen111
\Gm@layouthoffset=\dimen112
\Gm@layoutvoffset=\dimen113
\Gm@dimlist=\toks18

(D:\miktext\tex/latex/geometry\geometry.cfg))
(D:\miktext\tex/latex/float\float.sty
Package: float 2001/11/08 v1.3d Float enhancements (AL)
\c@float@type=\count94
\float@exts=\toks19
\float@box=\box27
\@float@everytoks=\toks20
\@floatcapt=\box28
)
(D:\miktext\tex/latex/amsmath\amsmath.sty
Package: amsmath 2018/12/01 v2.17b AMS math features
\@mathmargin=\skip43

For additional information on amsmath, use the `?' option.
(D:\miktext\tex/latex/amsmath\amstext.sty
Package: amstext 2000/06/29 v2.01 AMS text

(D:\miktext\tex/latex/amsmath\amsgen.sty
File: amsgen.sty 1999/11/30 v2.0 generic functions
\@emptytoks=\toks21
\ex@=\dimen114
))
(D:\miktext\tex/latex/amsmath\amsbsy.sty
Package: amsbsy 1999/11/29 v1.2d Bold Symbols
\pmbraise@=\dimen115
)
(D:\miktext\tex/latex/amsmath\amsopn.sty
Package: amsopn 2016/03/08 v2.02 operator names
)
\inf@bad=\count95
LaTeX Info: Redefining \frac on input line 223.
\uproot@=\count96
\leftroot@=\count97
LaTeX Info: Redefining \overline on input line 385.
\classnum@=\count98
\DOTSCASE@=\count99
LaTeX Info: Redefining \ldots on input line 482.
LaTeX Info: Redefining \dots on input line 485.
LaTeX Info: Redefining \cdots on input line 606.
\Mathstrutbox@=\box29
\strutbox@=\box30
\big@size=\dimen116
LaTeX Font Info:    Redeclaring font encoding OML on input line 729.
LaTeX Font Info:    Redeclaring font encoding OMS on input line 730.
\macc@depth=\count100
\c@MaxMatrixCols=\count101
\dotsspace@=\muskip10
\c@parentequation=\count102
\dspbrk@lvl=\count103
\tag@help=\toks22
\row@=\count104
\column@=\count105
\maxfields@=\count106
\andhelp@=\toks23
\eqnshift@=\dimen117
\alignsep@=\dimen118
\tagshift@=\dimen119
\tagwidth@=\dimen120
\totwidth@=\dimen121
\lineht@=\dimen122
\@envbody=\toks24
\multlinegap=\skip44
\multlinetaggap=\skip45
\mathdisplay@stack=\toks25
LaTeX Info: Redefining \[ on input line 2844.
LaTeX Info: Redefining \] on input line 2845.
)
(D:\miktext\tex/latex/oberdiek\stackrel.sty
Package: stackrel 2016/05/16 v1.3 Adding subscript option to stackrel (HO)

(D:\miktext\tex/generic/oberdiek\etexcmds.sty
Package: etexcmds 2016/05/16 v1.6 Avoid name clashes with e-TeX commands (HO)

(D:\miktext\tex/generic/oberdiek\infwarerr.sty
Package: infwarerr 2016/05/16 v1.4 Providing info/warning/error messages (HO)
)
(D:\miktext\tex/generic/oberdiek\ifluatex.sty
Package: ifluatex 2016/05/16 v1.4 Provides the ifluatex switch (HO)
Package ifluatex Info: LuaTeX not detected.
))
(D:\miktext\tex/generic/oberdiek\pdftexcmds.sty
Package: pdftexcmds 2018/09/10 v0.29 Utility functions of pdfTeX for LuaTeX (HO
)

(D:\miktext\tex/generic/oberdiek\ltxcmds.sty
Package: ltxcmds 2016/05/16 v1.23 LaTeX kernel commands for general use (HO)
)
Package pdftexcmds Info: LuaTeX not detected.
Package pdftexcmds Info: \pdf@primitive is available.
Package pdftexcmds Info: \pdf@ifprimitive is available.
Package pdftexcmds Info: \pdfdraftmode found.
))
(D:\miktext\tex/latex/multirow\multirow.sty
Package: multirow 2019/01/01 v2.4 Span multiple rows of a table
\multirow@colwidth=\skip46
\multirow@cntb=\count107
\multirow@dima=\skip47
\bigstrutjot=\dimen123
)
(D:\miktext\tex/latex/tools\enumerate.sty
Package: enumerate 2015/07/23 v3.00 enumerate extensions (DPC)
\@enLab=\toks26
) (IN_Informe_Lab_05.aux
LaTeX Info: Redefining \. on input line 6.
LaTeX Info: Redefining \% on input line 6.

(Secciones/ACTIVIDAD01.aux) (Secciones/ACTIVIDAD02.aux))
\openout1 = `IN_Informe_Lab_05.aux'.

LaTeX Font Info:    Checking defaults for OML/cmm/m/it on input line 18.
LaTeX Font Info:    ... okay on input line 18.
LaTeX Font Info:    Checking defaults for T1/cmr/m/n on input line 18.
LaTeX Font Info:    ... okay on input line 18.
LaTeX Font Info:    Checking defaults for OT1/cmr/m/n on input line 18.
LaTeX Font Info:    ... okay on input line 18.
LaTeX Font Info:    Checking defaults for OMS/cmsy/m/n on input line 18.
LaTeX Font Info:    ... okay on input line 18.
LaTeX Font Info:    Checking defaults for OMX/cmex/m/n on input line 18.
LaTeX Font Info:    ... okay on input line 18.
LaTeX Font Info:    Checking defaults for U/cmr/m/n on input line 18.
LaTeX Font Info:    ... okay on input line 18.
LaTeX Info: Redefining \. on input line 18.
LaTeX Info: Redefining \% on input line 18.

(D:\miktext\tex/context/base/mkii\supp-pdf.mkii
[Loading MPS to PDF converter (version 2006.09.02).]
\scratchcounter=\count108
\scratchdimen=\dimen124
\scratchbox=\box31
\nofMPsegments=\count109
\nofMParguments=\count110
\everyMPshowfont=\toks27
\MPscratchCnt=\count111
\MPscratchDim=\dimen125
\MPnumerator=\count112
\makeMPintoPDFobject=\count113
\everyMPtoPDFconversion=\toks28
) (D:\miktext\tex/latex/oberdiek\epstopdf-base.sty
Package: epstopdf-base 2016/05/15 v2.6 Base part for package epstopdf

(D:\miktext\tex/latex/oberdiek\grfext.sty
Package: grfext 2016/05/16 v1.2 Manage graphics extensions (HO)

(D:\miktext\tex/generic/oberdiek\kvdefinekeys.sty
Package: kvdefinekeys 2016/05/16 v1.4 Define keys (HO)
))
(D:\miktext\tex/latex/oberdiek\kvoptions.sty
Package: kvoptions 2016/05/16 v3.12 Key value format for package options (HO)

(D:\miktext\tex/generic/oberdiek\kvsetkeys.sty
Package: kvsetkeys 2016/05/16 v1.17 Key value parser (HO)
))
Package epstopdf-base Info: Redefining graphics rule for `.eps' on input line 4
38.
Package grfext Info: Graphics extension search list:
(grfext)             [.pdf,.png,.jpg,.mps,.jpeg,.jbig2,.jb2,.PDF,.PNG,.JPG,.JPE
G,.JBIG2,.JB2,.eps]
(grfext)             \AppendGraphicsExtensions on input line 456.
)
*geometry* driver: auto-detecting
*geometry* detected driver: pdftex
*geometry* verbose mode - [ preamble ] result:
* driver: pdftex
* paper: letterpaper
* layout: <same size as paper>
* layoutoffset:(h,v)=(0.0pt,0.0pt)
* modes: 
* h-part:(L,W,R)=(56.9055pt, 500.484pt, 56.9055pt)
* v-part:(T,H,B)=(56.9055pt, 681.15898pt, 56.9055pt)
* \paperwidth=614.295pt
* \paperheight=794.96999pt
* \textwidth=500.484pt
* \textheight=681.15898pt
* \oddsidemargin=-15.36449pt
* \evensidemargin=-15.36449pt
* \topmargin=-52.36449pt
* \headheight=12.0pt
* \headsep=25.0pt
* \topskip=12.0pt
* \footskip=30.0pt
* \marginparwidth=44.0pt
* \marginparsep=10.0pt
* \columnsep=10.0pt
* \skip\footins=10.8pt plus 4.0pt minus 2.0pt
* \hoffset=0.0pt
* \voffset=0.0pt
* \mag=1000
* \@twocolumnfalse
* \@twosidefalse
* \@mparswitchfalse
* \@reversemarginfalse
* (1in=72.27pt=25.4mm, 1cm=28.453pt)

<./Imagenes/logo.jpg, id=1, 276.03125pt x 183.68625pt>
File: ./Imagenes/logo.jpg Graphic file (type jpg)
<use ./Imagenes/logo.jpg>
Package pdftex.def Info: ./Imagenes/logo.jpg  used on input line 38.
(pdftex.def)             Requested size: 227.62204pt x 151.47853pt.
[1

{C:/Users/Usuario/AppData/Local/MiKTeX/2.9/pdftex/config/pdftex.map} <./Imagene
s/logo.jpg>] (IN_Informe_Lab_05.toc
LaTeX Info: Redefining \. on input line 1.
LaTeX Info: Redefining \% on input line 1.
)
\tf@toc=\write3
\openout3 = `IN_Informe_Lab_05.toc'.

 [1]
\openout2 = `Secciones/ACTIVIDAD01.aux'.

 (Secciones/ACTIVIDAD01.tex
Underfull \hbox (badness 10000) in paragraph at lines 3--4

 []

<./Imagenes/img1.png, id=11, 185.19188pt x 625.58719pt>
File: ./Imagenes/img1.png Graphic file (type png)
<use ./Imagenes/img1.png>
Package pdftex.def Info: ./Imagenes/img1.png  used on input line 5.
(pdftex.def)             Requested size: 199.17345pt x 597.52136pt.

Underfull \hbox (badness 10000) in paragraph at lines 9--10

 []

[1

 <./Imagenes/img1.png>]
<./Imagenes/img2.png, id=15, 520.94624pt x 299.61937pt>
File: ./Imagenes/img2.png Graphic file (type png)
<use ./Imagenes/img2.png>
Package pdftex.def Info: ./Imagenes/img2.png  used on input line 11.
(pdftex.def)             Requested size: 312.9803pt x 180.01074pt.
 [2 <./Imagenes/img2.png>]
Underfull \hbox (badness 10000) in paragraph at lines 14--15

 []

<./Imagenes/img3.png, id=19, 416.30531pt x 313.17pt>
File: ./Imagenes/img3.png Graphic file (type png)
<use ./Imagenes/img3.png>
Package pdftex.def Info: ./Imagenes/img3.png  used on input line 16.
(pdftex.def)             Requested size: 369.88582pt x 278.26166pt.
<./Imagenes/img4.png, id=20, 453.19313pt x 425.33907pt>
File: ./Imagenes/img4.png Graphic file (type png)
<use ./Imagenes/img4.png>
Package pdftex.def Info: ./Imagenes/img4.png  used on input line 21.
(pdftex.def)             Requested size: 341.43306pt x 320.4508pt.

Underfull \hbox (badness 10000) in paragraph at lines 23--24

 []

[3 <./Imagenes/img3.png> <./Imagenes/img4.png>]
<./Imagenes/img5.png, id=24, 459.21562pt x 426.84468pt>
File: ./Imagenes/img5.png Graphic file (type png)
<use ./Imagenes/img5.png>
Package pdftex.def Info: ./Imagenes/img5.png  used on input line 25.
(pdftex.def)             Requested size: 341.43306pt x 317.37767pt.

Underfull \hbox (badness 10000) in paragraph at lines 27--28

 []

<./Imagenes/img6.png, id=25, 467.49657pt x 428.35031pt>
File: ./Imagenes/img6.png Graphic file (type png)
<use ./Imagenes/img6.png>
Package pdftex.def Info: ./Imagenes/img6.png  used on input line 29.
(pdftex.def)             Requested size: 312.9803pt x 286.78406pt.
[4 <./Imagenes/img5.png> <./Imagenes/img6.png>]
<./Imagenes/img7.png, id=29, 467.49657pt x 329.73187pt>
File: ./Imagenes/img7.png Graphic file (type png)
<use ./Imagenes/img7.png>
Package pdftex.def Info: ./Imagenes/img7.png  used on input line 33.
(pdftex.def)             Requested size: 312.9803pt x 220.7582pt.
<./Imagenes/img8.png, id=30, 466.74374pt x 429.85594pt>
File: ./Imagenes/img8.png Graphic file (type png)
<use ./Imagenes/img8.png>
Package pdftex.def Info: ./Imagenes/img8.png  used on input line 37.
(pdftex.def)             Requested size: 312.9803pt x 288.25778pt.
<./Imagenes/img9.png, id=31, 469.00218pt x 429.85594pt>
File: ./Imagenes/img9.png Graphic file (type png)
<use ./Imagenes/img9.png>
Package pdftex.def Info: ./Imagenes/img9.png  used on input line 40.
(pdftex.def)             Requested size: 312.9803pt x 286.85414pt.
 [5 <./Imagenes/img7.png> <./Imagenes/img8.png>]
<./Imagenes/img10.png, id=37, 467.49657pt x 429.85594pt>
File: ./Imagenes/img10.png Graphic file (type png)
<use ./Imagenes/img10.png>
Package pdftex.def Info: ./Imagenes/img10.png  used on input line 43.
(pdftex.def)             Requested size: 312.9803pt x 287.79208pt.
<./Imagenes/img11.png, id=38, 466.74374pt x 431.36156pt>
File: ./Imagenes/img11.png Graphic file (type png)
<use ./Imagenes/img11.png>
Package pdftex.def Info: ./Imagenes/img11.png  used on input line 47.
(pdftex.def)             Requested size: 312.9803pt x 289.26744pt.
 [6 <./Imagenes/img9.png> <./Imagenes/img10.png>]
Underfull \hbox (badness 10000) in paragraph at lines 49--50

 []

<./Imagenes/img12.png, id=44, 468.24937pt x 430.60875pt>
File: ./Imagenes/img12.png Graphic file (type png)
<use ./Imagenes/img12.png>
Package pdftex.def Info: ./Imagenes/img12.png  used on input line 51.
(pdftex.def)             Requested size: 312.9803pt x 287.83615pt.
) [7 <./Imagenes/img11.png> <./Imagenes/img12.png>]
\openout2 = `Secciones/ACTIVIDAD02.aux'.

 (Secciones/ACTIVIDAD02.tex
Underfull \hbox (badness 10000) in paragraph at lines 4--5

 []

<./Imagenes/img13.png, id=48, 704.6325pt x 437.38406pt>
File: ./Imagenes/img13.png Graphic file (type png)
<use ./Imagenes/img13.png>
Package pdftex.def Info: ./Imagenes/img13.png  used on input line 6.
(pdftex.def)             Requested size: 369.88582pt x 229.5967pt.

Underfull \hbox (badness 10000) in paragraph at lines 9--10

 []

<./Imagenes/img14.png, id=49, 441.90094pt x 323.70938pt>
File: ./Imagenes/img14.png Graphic file (type png)
<use ./Imagenes/img14.png>
Package pdftex.def Info: ./Imagenes/img14.png  used on input line 11.
(pdftex.def)             Requested size: 369.88582pt x 270.9706pt.
<./Imagenes/img15.png, id=50, 458.46281pt x 420.82219pt>
File: ./Imagenes/img15.png Graphic file (type png)
<use ./Imagenes/img15.png>
Package pdftex.def Info: ./Imagenes/img15.png  used on input line 14.
(pdftex.def)             Requested size: 341.43306pt x 313.41338pt.
[8


 <./Imagenes/img13.png> <./Imagenes/img14.png>]
Underfull \hbox (badness 10000) in paragraph at lines 16--17

 []

<./Imagenes/img16.png, id=54, 554.07pt x 475.02469pt>
File: ./Imagenes/img16.png Graphic file (type png)
<use ./Imagenes/img16.png>
Package pdftex.def Info: ./Imagenes/img16.png  used on input line 18.
(pdftex.def)             Requested size: 369.88582pt x 317.11964pt.

Underfull \hbox (badness 10000) in paragraph at lines 21--22

 []

[9 <./Imagenes/img15.png> <./Imagenes/img16.png>]
<./Imagenes/img17.png, id=59, 525.46312pt x 410.2828pt>
File: ./Imagenes/img17.png Graphic file (type png)
<use ./Imagenes/img17.png>
Package pdftex.def Info: ./Imagenes/img17.png  used on input line 23.
(pdftex.def)             Requested size: 341.43306pt x 266.59927pt.

Underfull \hbox (badness 10000) in paragraph at lines 25--26

 []

<./Imagenes/img18.png, id=60, 392.96812pt x 380.17032pt>
File: ./Imagenes/img18.png Graphic file (type png)
<use ./Imagenes/img18.png>
Package pdftex.def Info: ./Imagenes/img18.png  used on input line 27.
(pdftex.def)             Requested size: 341.43306pt x 330.33363pt.

Underfull \hbox (badness 10000) in paragraph at lines 30--31

 []

[10 <./Imagenes/img17.png> <./Imagenes/img18.png>]
<./Imagenes/img19.png, id=65, 529.22719pt x 355.3275pt>
File: ./Imagenes/img19.png Graphic file (type png)
<use ./Imagenes/img19.png>
Package pdftex.def Info: ./Imagenes/img19.png  used on input line 32.
(pdftex.def)             Requested size: 341.43306pt x 229.2414pt.

Underfull \hbox (badness 10000) in paragraph at lines 34--35

 []

<./Imagenes/img20.png, id=66, 554.07pt x 471.26062pt>
File: ./Imagenes/img20.png Graphic file (type png)
<use ./Imagenes/img20.png>
Package pdftex.def Info: ./Imagenes/img20.png  used on input line 36.
(pdftex.def)             Requested size: 341.43306pt x 290.40242pt.

Underfull \hbox (badness 10000) in paragraph at lines 38--39

 []

<./Imagenes/img21.png, id=67, 553.31718pt x 473.51906pt>
File: ./Imagenes/img21.png Graphic file (type png)
<use ./Imagenes/img21.png>
Package pdftex.def Info: ./Imagenes/img21.png  used on input line 40.
(pdftex.def)             Requested size: 369.88582pt x 316.5408pt.
[11 <./Imagenes/img19.png> <./Imagenes/img20.png>]
Underfull \hbox (badness 10000) in paragraph at lines 42--43

 []

<./Imagenes/img22.png, id=72, 402.00188pt x 271.0125pt>
File: ./Imagenes/img22.png Graphic file (type png)
<use ./Imagenes/img22.png>
Package pdftex.def Info: ./Imagenes/img22.png  used on input line 44.
(pdftex.def)             Requested size: 398.33858pt x 268.54303pt.

Underfull \hbox (badness 10000) in paragraph at lines 46--47

 []

<./Imagenes/img23.png, id=73, 552.56438pt x 474.27188pt>
File: ./Imagenes/img23.png Graphic file (type png)
<use ./Imagenes/img23.png>
Package pdftex.def Info: ./Imagenes/img23.png  used on input line 48.
(pdftex.def)             Requested size: 341.43306pt x 293.05408pt.
[12 <./Imagenes/img21.png> <./Imagenes/img22.png>]
Underfull \hbox (badness 10000) in paragraph at lines 50--51

 []

<./Imagenes/img24.png, id=77, 553.31718pt x 472.76625pt>
File: ./Imagenes/img24.png Graphic file (type png)
<use ./Imagenes/img24.png>
Package pdftex.def Info: ./Imagenes/img24.png  used on input line 52.
(pdftex.def)             Requested size: 341.43306pt x 291.72699pt.
<./Imagenes/img26.png, id=78, 552.56438pt x 455.45157pt>
File: ./Imagenes/img26.png Graphic file (type png)
<use ./Imagenes/img26.png>
Package pdftex.def Info: ./Imagenes/img26.png  used on input line 56.
(pdftex.def)             Requested size: 341.43306pt x 281.42496pt.
[13 <./Imagenes/img23.png> <./Imagenes/img24.png>]
Underfull \hbox (badness 10000) in paragraph at lines 58--59

 []

<./Imagenes/img27.png, id=82, 458.46281pt x 247.67531pt>
File: ./Imagenes/img27.png Graphic file (type png)
<use ./Imagenes/img27.png>
Package pdftex.def Info: ./Imagenes/img27.png  used on input line 60.
(pdftex.def)             Requested size: 426.79134pt x 230.57751pt.
) [14 <./Imagenes/img26.png> <./Imagenes/img27.png>] (IN_Informe_Lab_05.aux
LaTeX Info: Redefining \. on input line 6.
LaTeX Info: Redefining \% on input line 6.

(Secciones/ACTIVIDAD01.aux) (Secciones/ACTIVIDAD02.aux)) ) 
Here is how much of TeX's memory you used:
 3750 strings out of 492946
 51212 string characters out of 3143048
 132772 words of memory out of 3000000
 7552 multiletter control sequences out of 15000+200000
 5149 words of font info for 19 fonts, out of 3000000 for 9000
 1141 hyphenation exceptions out of 8191
 34i,5n,31p,256b,359s stack positions out of 5000i,500n,10000p,200000b,50000s
<D:/miktext/fonts/typ
e1/public/amsfonts/cm/cmbx12.pfb><D:/miktext/fonts/type1/public/amsfonts/cm/cmr
12.pfb>
Output written on IN_Informe_Lab_05.pdf (16 pages, 612234 bytes).
PDF statistics:
 94 PDF objects out of 1000 (max. 8388607)
 0 named destinations out of 1000 (max. 500000)
 136 words of extra memory for PDF output out of 10000 (max. 10000000)

